Request at 2025-05-03 15:08:48 - Action: process_order
Request at 2025-05-03 15:08:48 - Action: order_confirmation
Request at 2025-05-03 15:09:17 - Action: get_order_details
Request at 2025-05-03 15:09:26 - Action: update_product_stock
Request at 2025-05-03 15:23:52 - Action: get_product
Request at 2025-05-03 16:04:12 - Action: save_product
Request at 2025-05-03 23:29:41 - Action: save_product
Request at 2025-05-04 17:34:35 - Action: process_order
Request at 2025-05-04 17:35:09 - Action: process_order
Request at 2025-05-04 17:35:17 - Action: process_order
Request at 2025-05-04 17:35:21 - Action: process_order
Request at 2025-05-04 17:39:16 - Action: process_order
Request at 2025-05-04 17:39:16 - Action: order_confirmation
Request at 2025-05-04 18:12:44 - Action: save_product
Request at 2025-05-04 18:13:58 - Action: delete_product
Request at 2025-05-04 18:15:33 - Action: process_order
Request at 2025-05-04 18:15:33 - Action: order_confirmation
Request at 2025-05-04 18:16:48 - Action: process_order
Request at 2025-05-04 18:16:48 - Action: order_confirmation
Request at 2025-05-04 18:18:27 - Action: process_order
Request at 2025-05-04 18:18:27 - Action: order_confirmation
Request at 2025-05-04 18:19:24 - Action: get_order_details
Request at 2025-05-04 18:19:40 - Action: get_order_details
Request at 2025-05-04 18:19:59 - Action: get_product
Request at 2025-05-04 18:20:06 - Action: get_product
Request at 2025-05-04 18:20:07 - Action: save_product
Request at 2025-05-04 18:20:16 - Action: get_order_details
Request at 2025-05-04 18:20:19 - Action: update_product_stock
Request at 2025-05-04 18:20:30 - Action: get_order_details
Request at 2025-05-04 18:20:34 - Action: get_order_details
Request at 2025-05-04 18:21:04 - Action: get_order_details
